2019-07-10 14:01:22,814 INFO o.a.j.u.JMeterUtils: Setting Locale to en_EN
2019-07-10 14:01:22,825 INFO o.a.j.JMeter: Loading user properties from: user.properties
2019-07-10 14:01:22,826 INFO o.a.j.JMeter: Loading system properties from: system.properties
2019-07-10 14:01:22,831 INFO o.a.j.JMeter: Copyright (c) 1998-2019 The Apache Software Foundation
2019-07-10 14:01:22,831 INFO o.a.j.JMeter: Version 5.1.1 r1855137
2019-07-10 14:01:22,832 INFO o.a.j.JMeter: java.version=1.8.0_201
2019-07-10 14:01:22,832 INFO o.a.j.JMeter: java.vm.name=Java HotSpot(TM) 64-Bit Server VM
2019-07-10 14:01:22,832 INFO o.a.j.JMeter: os.name=Linux
2019-07-10 14:01:22,832 INFO o.a.j.JMeter: os.arch=amd64
2019-07-10 14:01:22,832 INFO o.a.j.JMeter: os.version=4.18.0-25-generic
2019-07-10 14:01:22,832 INFO o.a.j.JMeter: file.encoding=UTF-8
2019-07-10 14:01:22,832 INFO o.a.j.JMeter: java.awt.headless=null
2019-07-10 14:01:22,832 INFO o.a.j.JMeter: Max memory     =1073741824
2019-07-10 14:01:22,832 INFO o.a.j.JMeter: Available Processors =8
2019-07-10 14:01:22,842 INFO o.a.j.JMeter: Default Locale=English (EN)
2019-07-10 14:01:22,843 INFO o.a.j.JMeter: JMeter  Locale=English (EN)
2019-07-10 14:01:22,843 INFO o.a.j.JMeter: JMeterHome=/home/michel/Documentos/dev/aplicativos/apache-jmeter-5.1.1
2019-07-10 14:01:22,843 INFO o.a.j.JMeter: user.dir  =/home/michel/Documentos/dev/aplicativos/apache-jmeter-5.1.1/bin
2019-07-10 14:01:22,843 INFO o.a.j.JMeter: PWD       =/home/michel/Documentos/dev/aplicativos/apache-jmeter-5.1.1/bin
2019-07-10 14:01:22,843 INFO o.a.j.JMeter: IP: 127.0.1.1 Name: michel-not FullName: michel-not
2019-07-10 14:01:23,092 INFO o.a.j.g.a.LookAndFeelCommand: Installing Darcula LAF
2019-07-10 14:01:23,122 INFO o.a.j.g.a.LookAndFeelCommand: Using look and feel: com.bulenkov.darcula.DarculaLaf [Darcula]
2019-07-10 14:01:23,122 INFO o.a.j.JMeter: Setting LAF to: com.bulenkov.darcula.DarculaLaf
2019-07-10 14:01:23,184 INFO o.a.j.JMeter: Loaded icon properties from org/apache/jmeter/images/icon.properties
2019-07-10 14:01:24,467 INFO o.a.j.p.h.s.HTTPSamplerBase: Parser for text/html is org.apache.jmeter.protocol.http.parser.LagartoBasedHtmlParser
2019-07-10 14:01:24,468 INFO o.a.j.p.h.s.HTTPSamplerBase: Parser for application/xhtml+xml is org.apache.jmeter.protocol.http.parser.LagartoBasedHtmlParser
2019-07-10 14:01:24,468 INFO o.a.j.p.h.s.HTTPSamplerBase: Parser for application/xml is org.apache.jmeter.protocol.http.parser.LagartoBasedHtmlParser
2019-07-10 14:01:24,468 INFO o.a.j.p.h.s.HTTPSamplerBase: Parser for text/xml is org.apache.jmeter.protocol.http.parser.LagartoBasedHtmlParser
2019-07-10 14:01:24,468 INFO o.a.j.p.h.s.HTTPSamplerBase: Parser for text/vnd.wap.wml is org.apache.jmeter.protocol.http.parser.RegexpHTMLParser
2019-07-10 14:01:24,468 INFO o.a.j.p.h.s.HTTPSamplerBase: Parser for text/css is org.apache.jmeter.protocol.http.parser.CssParser
2019-07-10 14:01:24,711 INFO o.a.j.e.KeyToolUtils: keytool found at 'keytool'
2019-07-10 14:01:24,711 INFO o.a.j.p.h.p.ProxyControl: HTTP(S) Test Script Recorder SSL Proxy will use keys that support embedded 3rd party resources in file /home/michel/Documentos/dev/aplicativos/apache-jmeter-5.1.1/bin/proxyserver.jks
2019-07-10 14:01:24,837 INFO o.a.j.s.FileServer: Default base='/home/michel/Documentos/dev/aplicativos/apache-jmeter-5.1.1/bin'
2019-07-10 14:01:25,129 INFO o.a.j.s.SampleResult: Note: Sample TimeStamps are START times
2019-07-10 14:01:25,129 INFO o.a.j.s.SampleResult: sampleresult.default.encoding is set to ISO-8859-1
2019-07-10 14:01:25,129 INFO o.a.j.s.SampleResult: sampleresult.useNanoTime=true
2019-07-10 14:01:25,129 INFO o.a.j.s.SampleResult: sampleresult.nanoThreadSleep=5000
2019-07-10 14:01:29,352 INFO o.a.j.g.a.Load: Loading file: /home/michel/Documentos/dev/aplicativos/apache-jmeter-5.1.1/jmeter_config/ApiFilas.jmx
2019-07-10 14:01:29,353 INFO o.a.j.s.FileServer: Set new base='/home/michel/Documentos/dev/aplicativos/apache-jmeter-5.1.1/jmeter_config'
2019-07-10 14:01:29,465 INFO o.a.j.s.SaveService: Testplan (JMX) version: 2.2. Testlog (JTL) version: 2.2
2019-07-10 14:01:29,471 INFO o.a.j.s.SaveService: Using SaveService properties file encoding UTF-8
2019-07-10 14:01:29,473 INFO o.a.j.s.SaveService: Using SaveService properties version 5.0
2019-07-10 14:01:29,477 INFO o.a.j.s.SaveService: Loading file: /home/michel/Documentos/dev/aplicativos/apache-jmeter-5.1.1/jmeter_config/ApiFilas.jmx
2019-07-10 14:01:29,631 INFO o.a.j.s.FileServer: Set new base='/home/michel/Documentos/dev/aplicativos/apache-jmeter-5.1.1/jmeter_config'
